-------------------------------------------------------------------------------
Test set: połączenie.PołączenieTesty
-------------------------------------------------------------------------------
Tests run: 4, Failures: 1, Errors: 0, Skipped: 0, Time elapsed: 0.750 s <<< FAILURE! -- in połączenie.PołączenieTesty
połączenie.PołączenieTesty.testujPrzyjmijZKolejki -- Time elapsed: 0.022 s <<< FAILURE!
org.mockito.exceptions.verification.TooManyActualInvocations: 

kolejkaNaWyciąg.dajKolejnego();
Wanted 1 time:
-> at struktury_danych.KolejkaNaWyciąg.dajKolejnego(KolejkaNaWyciąg.java:23)
But was 4 times:
-> at połączenie.Wyciąg.przyjmijZKolejki(Wyciąg.java:66)
-> at połączenie.Wyciąg.przyjmijZKolejki(Wyciąg.java:66)
-> at połączenie.Wyciąg.przyjmijZKolejki(Wyciąg.java:66)
-> at połączenie.Wyciąg.przyjmijZKolejki(Wyciąg.java:66)


	at struktury_danych.KolejkaNaWyciąg.dajKolejnego(KolejkaNaWyciąg.java:23)
	at połączenie.PołączenieTesty.testujPrzyjmijZKolejki(PołączenieTesty.java:101)
	at java.base/java.lang.reflect.Method.invoke(Method.java:580)
	at java.base/java.util.ArrayList.forEach(ArrayList.java:1596)
	at java.base/java.util.ArrayList.forEach(ArrayList.java:1596)

